# Домашнее задание к занятию "`12.5. "SQL. Индексы"`" - `Лавров Сергей`

## Задание 1. 
   
```
SELECT  SUM(tt.DATA_LENGTH) , SUM(tt.INDEX_LENGTH),
CONCAT(  ROUND ((SUM(tt.INDEX_LENGTH) / SUM(tt.DATA_LENGTH)) *100), ' %')  AS Отношение
FROM INFORMATION_SCHEMA.TABLES tt
WHERE  tt.TABLE_SCHEMA = 'sakila';

```
  
## Задание 2. 
###Анализ запроса с дороботками без индексов  
  ```
explain analyze
select concat(c.last_name, ' ', c.first_name) AS Name,
sum(p.amount)
from payment p, rental r, customer c, inventory i
where date(p.payment_date) = '2005-07-30' and p.payment_date = r.rental_date and 
r.customer_id = c.customer_id and i.inventory_id = r.inventory_id
group by Name;               

-> Limit: 200 row(s)  (actual time=8.21..8.25 rows=200 loops=1)
    -> Table scan on <temporary>  (actual time=8.21..8.24 rows=200 loops=1)
        -> Aggregate using temporary table  (actual time=8.21..8.21 rows=391 loops=1)
            -> Nested loop inner join  (cost=30242 rows=16282) (actual time=0.0759..7.65 rows=642 loops=1)
                -> Nested loop inner join  (cost=24544 rows=16282) (actual time=0.0717..6.85 rows=642 loops=1)
                    -> Nested loop inner join  (cost=18845 rows=16282) (actual time=0.0663..6.29 rows=642 loops=1)
                        -> Filter: (cast(p.payment_date as date) = '2005-07-30')  (cost=1633 rows=16086) (actual time=0.052..5.3 rows=634 loops=1)
                            -> Table scan on p  (cost=1633 rows=16086) (actual time=0.0383..3.36 rows=16044 loops=1)
                        -> Covering index lookup on r using rental_date (rental_date=p.payment_date)  (cost=0.969 rows=1.01) (actual time=0.00103..0.00137 rows=1.01 loops=634)
                    -> Single-row index lookup on c using PRIMARY (customer_id=r.customer_id)  (cost=0.25 rows=1) (actual time=660e-6..690e-6 rows=1 loops=642)
                -> Single-row covering index lookup on i using PRIMARY (inventory_id=r.inventory_id)  (cost=0.25 rows=1) (actual time=0.00104..0.00107 rows=1 loops=642)

```
### Анализ запроса с индексами
```
CREATE INDEX Name ON customer(last_name, first_name);

explain analyze
select concat(c.last_name, ' ', c.first_name) AS Name,
sum(p.amount)
from payment p, rental r, customer c, inventory i
where date(p.payment_date) = '2005-07-30' and p.payment_date = r.rental_date and 
r.customer_id = c.customer_id and i.inventory_id = r.inventory_id
group by Name;

-> Limit: 200 row(s)  (actual time=5.14..5.16 rows=200 loops=1)
    -> Table scan on <temporary>  (actual time=5.13..5.15 rows=200 loops=1)
        -> Aggregate using temporary table  (actual time=5.13..5.13 rows=391 loops=1)
            -> Nested loop inner join  (cost=30242 rows=16282) (actual time=0.038..4.78 rows=642 loops=1)
                -> Nested loop inner join  (cost=24544 rows=16282) (actual time=0.035..4.26 rows=642 loops=1)
                    -> Nested loop inner join  (cost=18845 rows=16282) (actual time=0.0307..3.86 rows=642 loops=1)
                        -> Filter: (cast(p.payment_date as date) = '2005-07-30')  (cost=1633 rows=16086) (actual time=0.0233..3.06 rows=634 loops=1)
                            -> Table scan on p  (cost=1633 rows=16086) (actual time=0.0169..2.36 rows=16044 loops=1)
                        -> Covering index lookup on r using rental_date (rental_date=p.payment_date)  (cost=0.969 rows=1.01) (actual time=850e-6..0.00114 rows=1.01 loops=634)
                    -> Single-row index lookup on c using PRIMARY (customer_id=r.customer_id)  (cost=0.25 rows=1) (actual time=497e-6..516e-6 rows=1 loops=642)
                -> Single-row covering index lookup on i using PRIMARY (inventory_id=r.inventory_id)  (cost=0.25 rows=1) (actual time=686e-6..705e-6 rows=1 loops=642)

```

После удаления из запроса таблицы film и использования группировки по имени скорость выполнения запроса увеличилась 
Но после присвоения индексов, запрос ускорился ещё
